c:\code\treasure\x64\debug\vc143.pdb
c:\code\treasure\x64\debug\vc143.idb
c:\code\treasure\x64\debug\work.obj
c:\code\treasure\x64\debug\usb.obj
c:\code\treasure\x64\debug\tunechip.obj
c:\code\treasure\x64\debug\test.obj
c:\code\treasure\x64\debug\simulator.obj
c:\code\treasure\x64\debug\sha256.obj
c:\code\treasure\x64\debug\misc.obj
c:\code\treasure\x64\debug\miner_experiment.obj
c:\code\treasure\x64\debug\miner.obj
c:\code\treasure\x64\debug\make_sdc.obj
c:\code\treasure\x64\debug\hashsystem.obj
c:\code\treasure\x64\debug\fpga.obj
c:\code\treasure\x64\debug\eval_simulator.obj
c:\code\treasure\x64\debug\electrical.obj
c:\code\treasure\x64\debug\dvfs.obj
c:\code\treasure\x64\debug\characterization.obj
c:\code\treasure\x64\debug\adder.obj
c:\code\treasure\x64\debug\multithread.obj
c:\code\treasure\x64\debug\gzip.obj
c:\code_branch_jason\treasure\x64\debug\vc143.pdb
c:\code_branch_jason\treasure\x64\debug\vc143.idb
c:\code_branch_jason\treasure\x64\debug\work.obj
c:\code_branch_jason\treasure\x64\debug\usb.obj
c:\code_branch_jason\treasure\x64\debug\tunechip.obj
c:\code_branch_jason\treasure\x64\debug\test.obj
c:\code_branch_jason\treasure\x64\debug\simulator.obj
c:\code_branch_jason\treasure\x64\debug\sha256.obj
c:\code_branch_jason\treasure\x64\debug\misc.obj
c:\code_branch_jason\treasure\x64\debug\miner_experiment.obj
c:\code_branch_jason\treasure\x64\debug\miner.obj
c:\code_branch_jason\treasure\x64\debug\make_sdc.obj
c:\code_branch_jason\treasure\x64\debug\hashsystem.obj
c:\code_branch_jason\treasure\x64\debug\fpga.obj
c:\code_branch_jason\treasure\x64\debug\eval_simulator.obj
c:\code_branch_jason\treasure\x64\debug\electrical.obj
c:\code_branch_jason\treasure\x64\debug\dvfs.obj
c:\code_branch_jason\treasure\x64\debug\characterization.obj
c:\code_branch_jason\treasure\x64\debug\adder.obj
c:\code_branch_jason\treasure\x64\debug\multithread.obj
c:\code_branch_jason\treasure\x64\debug\gzip.obj
c:\code\x64\debug\treasure.exe
c:\code\x64\debug\treasure.pdb
c:\code_branch_jason\x64\debug\treasure.exe
c:\code_branch_jason\x64\debug\treasure.pdb
c:\code_branch_jason\treasure\x64\debug\treasure.tlog\cl.command.1.tlog
c:\code_branch_jason\treasure\x64\debug\treasure.tlog\cl.read.1.tlog
c:\code_branch_jason\treasure\x64\debug\treasure.tlog\cl.write.1.tlog
c:\code_branch_jason\treasure\x64\debug\treasure.tlog\link.command.1.tlog
c:\code_branch_jason\treasure\x64\debug\treasure.tlog\link.read.1.tlog
c:\code_branch_jason\treasure\x64\debug\treasure.tlog\link.write.1.tlog
