c:\code\treasure\x64\release\vc143.pdb
c:\code\treasure\x64\release\work.obj
c:\code\treasure\x64\release\usb.obj
c:\code\treasure\x64\release\test.obj
c:\code\treasure\x64\release\simulator.obj
c:\code\treasure\x64\release\sha256.obj
c:\code\treasure\x64\release\misc.obj
c:\code\treasure\x64\release\miner_experiment.obj
c:\code\treasure\x64\release\miner.obj
c:\code\treasure\x64\release\make_sdc.obj
c:\code\treasure\x64\release\hashsystem.obj
c:\code\treasure\x64\release\fpga.obj
c:\code\treasure\x64\release\eval_simulator.obj
c:\code\treasure\x64\release\electrical.obj
c:\code\treasure\x64\release\dvfs.obj
c:\code\treasure\x64\release\characterization.obj
c:\code\treasure\x64\release\adder.obj
c:\code\treasure\x64\release\multithread.obj
c:\code\treasure\x64\release\gzip.obj
c:\code\x64\release\treasure.exe
c:\code\treasure\x64\release\treasure.ipdb
c:\code\x64\release\treasure.pdb
c:\code\treasure\x64\release\treasure.iobj
c:\code_branch_jason\treasure\x64\release\adder.obj
c:\code_branch_jason\treasure\x64\release\characterization.obj
c:\code_branch_jason\treasure\x64\release\dvfs.obj
c:\code_branch_jason\treasure\x64\release\electrical.obj
c:\code_branch_jason\treasure\x64\release\eval_simulator.obj
c:\code_branch_jason\treasure\x64\release\fpga.obj
c:\code_branch_jason\treasure\x64\release\gzip.obj
c:\code_branch_jason\treasure\x64\release\hashsystem.obj
c:\code_branch_jason\treasure\x64\release\make_sdc.obj
c:\code_branch_jason\treasure\x64\release\miner.obj
c:\code_branch_jason\treasure\x64\release\miner_experiment.obj
c:\code_branch_jason\treasure\x64\release\misc.obj
c:\code_branch_jason\treasure\x64\release\multithread.obj
c:\code_branch_jason\treasure\x64\release\sha256.obj
c:\code_branch_jason\treasure\x64\release\simulator.obj
c:\code_branch_jason\treasure\x64\release\test.obj
c:\code_branch_jason\treasure\x64\release\usb.obj
c:\code_branch_jason\treasure\x64\release\work.obj
c:\code_branch_jason\treasure\x64\release\treasure.ipdb
c:\code_branch_jason\treasure\x64\release\treasure.iobj
c:\code_branch_jason\treasure\x64\release\vc143.pdb
c:\code_branch_jason\x64\release\treasure.pdb
c:\code_branch_jason\x64\release\treasure.exe
c:\code_branch_jason\treasure\x64\release\treasure.tlog\cl.command.1.tlog
c:\code_branch_jason\treasure\x64\release\treasure.tlog\cl.read.1.tlog
c:\code_branch_jason\treasure\x64\release\treasure.tlog\cl.write.1.tlog
c:\code_branch_jason\treasure\x64\release\treasure.tlog\link.command.1.tlog
c:\code_branch_jason\treasure\x64\release\treasure.tlog\link.read.1.tlog
c:\code_branch_jason\treasure\x64\release\treasure.tlog\link.write.1.tlog
