c:\code\miner\x64\debug\vc143.pdb
c:\code\miner\x64\debug\vc143.idb
c:\code\miner\x64\debug\work.obj
c:\code\miner\x64\debug\usb.obj
c:\code\miner\x64\debug\test.obj
c:\code\miner\x64\debug\simulator.obj
c:\code\miner\x64\debug\sha256.obj
c:\code\miner\x64\debug\miner.obj
c:\code\miner\x64\debug\electrical.obj
c:\code\miner\x64\debug\dvfs.obj
c:\code\miner\x64\debug\multithread.obj
c:\code\miner\x64\debug\gzip.obj
c:\code\miner\x64\debug\characterization.obj
c:\code\miner\x64\debug\miner_experiment.obj
c:\code\x64\debug\miner.exe
c:\code\x64\debug\miner.pdb
c:\code\miner\x64\debug\miner.tlog\cl.command.1.tlog
c:\code\miner\x64\debug\miner.tlog\cl.read.1.tlog
c:\code\miner\x64\debug\miner.tlog\cl.write.1.tlog
c:\code\miner\x64\debug\miner.tlog\link.command.1.tlog
c:\code\miner\x64\debug\miner.tlog\link.read.1.tlog
c:\code\miner\x64\debug\miner.tlog\link.write.1.tlog
